<?xml version="1.0" encoding="UTF-8"?>
<testng-results ignored="0" total="6" passed="5" failed="1" skipped="0">
  <reporter-output>
  </reporter-output>
  <suite started-at="2024-10-18T15:44:49 IST" name="Suite" finished-at="2024-10-18T15:50:39 IST" duration-ms="350258">
    <groups>
    </groups>
    <test started-at="2024-10-18T15:44:49 IST" name="Test" finished-at="2024-10-18T15:50:39 IST" duration-ms="350258">
      <class name="OrangeHRMTestcases.TC_5_AddEmployeeQualification">
        <test-method is-config="true" signature="setup(java.lang.String)[pri:0, instance:OrangeHRMTestcases.TC_5_AddEmployeeQualification@5acf93bb]" started-at="2024-10-18T15:48:16 IST" name="setup" finished-at="2024-10-18T15:48:24 IST" duration-ms="8353" status="PASS">
          <params>
            <param index="0">
              <value>
                <![CDATA[chrome]]>
              </value>
            </param>
          </params>
          <reporter-output>
          </reporter-output>
        </test-method> <!-- setup -->
        <test-method signature="EmployeeQualification()[pri:0, instance:OrangeHRMTestcases.TC_5_AddEmployeeQualification@5acf93bb]" started-at="2024-10-18T15:48:24 IST" name="EmployeeQualification" finished-at="2024-10-18T15:49:40 IST" duration-ms="75915" status="PASS">
          <reporter-output>
          </reporter-output>
        </test-method> <!-- EmployeeQualification -->
        <test-method is-config="true" signature="teardown()[pri:0, instance:OrangeHRMTestcases.TC_5_AddEmployeeQualification@5acf93bb]" started-at="2024-10-18T15:49:40 IST" name="teardown" finished-at="2024-10-18T15:49:41 IST" duration-ms="392" status="PASS">
          <reporter-output>
          </reporter-output>
        </test-method> <!-- teardown -->
      </class> <!-- OrangeHRMTestcases.TC_5_AddEmployeeQualification -->
      <class name="OrangeHRMTestcases.TC_4_AddEmployeeInfo">
        <test-method is-config="true" signature="setup(java.lang.String)[pri:0, instance:OrangeHRMTestcases.TC_4_AddEmployeeInfo@1a18644]" started-at="2024-10-18T15:47:17 IST" name="setup" finished-at="2024-10-18T15:47:25 IST" duration-ms="7831" status="PASS">
          <params>
            <param index="0">
              <value>
                <![CDATA[chrome]]>
              </value>
            </param>
          </params>
          <reporter-output>
          </reporter-output>
        </test-method> <!-- setup -->
        <test-method signature="AddDetails()[pri:0, instance:OrangeHRMTestcases.TC_4_AddEmployeeInfo@1a18644]" started-at="2024-10-18T15:47:25 IST" name="AddDetails" finished-at="2024-10-18T15:48:16 IST" duration-ms="50345" status="PASS">
          <reporter-output>
          </reporter-output>
        </test-method> <!-- AddDetails -->
        <test-method is-config="true" signature="teardown()[pri:0, instance:OrangeHRMTestcases.TC_4_AddEmployeeInfo@1a18644]" started-at="2024-10-18T15:48:16 IST" name="teardown" finished-at="2024-10-18T15:48:16 IST" duration-ms="350" status="PASS">
          <reporter-output>
          </reporter-output>
        </test-method> <!-- teardown -->
      </class> <!-- OrangeHRMTestcases.TC_4_AddEmployeeInfo -->
      <class name="OrangeHRMTestcases.TC_1_Admin_LoginTestCase">
        <test-method is-config="true" signature="setup(java.lang.String)[pri:0, instance:OrangeHRMTestcases.TC_1_Admin_LoginTestCase@6283d8b8]" started-at="2024-10-18T15:44:49 IST" name="setup" finished-at="2024-10-18T15:45:00 IST" duration-ms="11095" status="PASS">
          <params>
            <param index="0">
              <value>
                <![CDATA[chrome]]>
              </value>
            </param>
          </params>
          <reporter-output>
          </reporter-output>
        </test-method> <!-- setup -->
        <test-method signature="Adminlogintest()[pri:0, instance:OrangeHRMTestcases.TC_1_Admin_LoginTestCase@6283d8b8]" started-at="2024-10-18T15:45:00 IST" name="Adminlogintest" finished-at="2024-10-18T15:45:20 IST" duration-ms="20109" status="PASS">
          <reporter-output>
          </reporter-output>
        </test-method> <!-- Adminlogintest -->
        <test-method is-config="true" signature="teardown()[pri:0, instance:OrangeHRMTestcases.TC_1_Admin_LoginTestCase@6283d8b8]" started-at="2024-10-18T15:45:20 IST" name="teardown" finished-at="2024-10-18T15:45:20 IST" duration-ms="300" status="PASS">
          <reporter-output>
          </reporter-output>
        </test-method> <!-- teardown -->
      </class> <!-- OrangeHRMTestcases.TC_1_Admin_LoginTestCase -->
      <class name="OrangeHRMTestcases.TC_3_EmployeeLogin">
        <test-method is-config="true" signature="setup(java.lang.String)[pri:0, instance:OrangeHRMTestcases.TC_3_EmployeeLogin@a530d0a]" started-at="2024-10-18T15:46:46 IST" name="setup" finished-at="2024-10-18T15:46:53 IST" duration-ms="7639" status="PASS">
          <params>
            <param index="0">
              <value>
                <![CDATA[chrome]]>
              </value>
            </param>
          </params>
          <reporter-output>
          </reporter-output>
        </test-method> <!-- setup -->
        <test-method signature="EmployeeLogin()[pri:0, instance:OrangeHRMTestcases.TC_3_EmployeeLogin@a530d0a]" started-at="2024-10-18T15:46:53 IST" name="EmployeeLogin" finished-at="2024-10-18T15:47:17 IST" duration-ms="23822" status="PASS">
          <reporter-output>
          </reporter-output>
        </test-method> <!-- EmployeeLogin -->
        <test-method is-config="true" signature="teardown()[pri:0, instance:OrangeHRMTestcases.TC_3_EmployeeLogin@a530d0a]" started-at="2024-10-18T15:47:17 IST" name="teardown" finished-at="2024-10-18T15:47:17 IST" duration-ms="328" status="PASS">
          <reporter-output>
          </reporter-output>
        </test-method> <!-- teardown -->
      </class> <!-- OrangeHRMTestcases.TC_3_EmployeeLogin -->
      <class name="OrangeHRMTestcases.TC_6_AdminCheckingEmployee">
        <test-method is-config="true" signature="setup(java.lang.String)[pri:0, instance:OrangeHRMTestcases.TC_6_AdminCheckingEmployee@7e7be63f]" started-at="2024-10-18T15:49:41 IST" name="setup" finished-at="2024-10-18T15:49:49 IST" duration-ms="8481" status="PASS">
          <params>
            <param index="0">
              <value>
                <![CDATA[chrome]]>
              </value>
            </param>
          </params>
          <reporter-output>
          </reporter-output>
        </test-method> <!-- setup -->
        <test-method signature="EmployeeChecking()[pri:0, instance:OrangeHRMTestcases.TC_6_AdminCheckingEmployee@7e7be63f]" started-at="2024-10-18T15:49:49 IST" name="EmployeeChecking" finished-at="2024-10-18T15:50:39 IST" duration-ms="49766" status="FAIL">
          <exception class="org.openqa.selenium.NoSuchSessionException">
            <message>
              <![CDATA[invalid session id
Build info: version: '4.25.0', revision: '8a8aea2337'
System info: os.name: 'Windows 11', os.arch: 'amd64', os.version: '10.0', java.version: '23'
Driver info: org.openqa.selenium.chrome.ChromeDriver
Command: [b4a0c8d18a2f6bdf42114772b0d14f6c, screenshot {}]
Capabilities {acceptInsecureCerts: false, browserName: chrome, browserVersion: 129.0.6668.103, chrome: {chromedriverVersion: 129.0.6668.89 (951c0b97221f..., userDataDir: C:\Users\akhil\AppData\Loca...}, fedcm:accounts: true, goog:chromeOptions: {debuggerAddress: localhost:52716}, networkConnectionEnabled: false, pageLoadStrategy: normal, platformName: windows, proxy: Proxy(), se:cdp: ws://localhost:52716/devtoo..., se:cdpVersion: 129.0.6668.103, setWindowRect: true, strictFileInteractability: false, timeouts: {implicit: 0, pageLoad: 300000, script: 30000}, unhandledPromptBehavior: dismiss and notify, webauthn:extension:credBlob: true, webauthn:extension:largeBlob: true, webauthn:extension:minPinLength: true, webauthn:extension:prf: true, webauthn:virtualAuthenticators: true}
Session ID: b4a0c8d18a2f6bdf42114772b0d14f6c]]>
            </message>
            <full-stacktrace>
              <![CDATA[org.openqa.selenium.NoSuchSessionException: invalid session id
Build info: version: '4.25.0', revision: '8a8aea2337'
System info: os.name: 'Windows 11', os.arch: 'amd64', os.version: '10.0', java.version: '23'
Driver info: org.openqa.selenium.chrome.ChromeDriver
Command: [b4a0c8d18a2f6bdf42114772b0d14f6c, screenshot {}]
Capabilities {acceptInsecureCerts: false, browserName: chrome, browserVersion: 129.0.6668.103, chrome: {chromedriverVersion: 129.0.6668.89 (951c0b97221f..., userDataDir: C:\Users\akhil\AppData\Loca...}, fedcm:accounts: true, goog:chromeOptions: {debuggerAddress: localhost:52716}, networkConnectionEnabled: false, pageLoadStrategy: normal, platformName: windows, proxy: Proxy(), se:cdp: ws://localhost:52716/devtoo..., se:cdpVersion: 129.0.6668.103, setWindowRect: true, strictFileInteractability: false, timeouts: {implicit: 0, pageLoad: 300000, script: 30000}, unhandledPromptBehavior: dismiss and notify, webauthn:extension:credBlob: true, webauthn:extension:largeBlob: true, webauthn:extension:minPinLength: true, webauthn:extension:prf: true, webauthn:virtualAuthenticators: true}
Session ID: b4a0c8d18a2f6bdf42114772b0d14f6c
at java.base/jdk.internal.reflect.DirectConstructorHandleAccessor.newInstance(DirectConstructorHandleAccessor.java:62)
at java.base/java.lang.reflect.Constructor.newInstanceWithCaller(Constructor.java:501)
at java.base/java.lang.reflect.Constructor.newInstance(Constructor.java:485)
at org.openqa.selenium.remote.ErrorCodec.decode(ErrorCodec.java:167)
at org.openqa.selenium.remote.codec.w3c.W3CHttpResponseCodec.decode(W3CHttpResponseCodec.java:138)
at org.openqa.selenium.remote.codec.w3c.W3CHttpResponseCodec.decode(W3CHttpResponseCodec.java:50)
at org.openqa.selenium.remote.HttpCommandExecutor.execute(HttpCommandExecutor.java:190)
at org.openqa.selenium.remote.service.DriverCommandExecutor.invokeExecute(DriverCommandExecutor.java:216)
at org.openqa.selenium.remote.service.DriverCommandExecutor.execute(DriverCommandExecutor.java:174)
at org.openqa.selenium.remote.RemoteWebDriver.execute(RemoteWebDriver.java:545)
at org.openqa.selenium.remote.RemoteWebDriver.execute(RemoteWebDriver.java:618)
at org.openqa.selenium.remote.RemoteWebDriver.execute(RemoteWebDriver.java:622)
at org.openqa.selenium.remote.RemoteWebDriver.getScreenshotAs(RemoteWebDriver.java:334)
at OrangeHRMTestcases.baseClass.ScreenShot(baseClass.java:72)
at OrangeHRMTestcases.TC_6_AdminCheckingEmployee.EmployeeChecking(TC_6_AdminCheckingEmployee.java:90)
at java.base/jdk.internal.reflect.DirectMethodHandleAccessor.invoke(DirectMethodHandleAccessor.java:103)
at java.base/java.lang.reflect.Method.invoke(Method.java:580)
at org.testng.internal.invokers.MethodInvocationHelper.invokeMethod(MethodInvocationHelper.java:141)
at org.testng.internal.invokers.TestInvoker.invokeMethod(TestInvoker.java:686)
at org.testng.internal.invokers.TestInvoker.invokeTestMethod(TestInvoker.java:230)
at org.testng.internal.invokers.MethodRunner.runInSequence(MethodRunner.java:63)
at org.testng.internal.invokers.TestInvoker$MethodInvocationAgent.invoke(TestInvoker.java:992)
at org.testng.internal.invokers.TestInvoker.invokeTestMethods(TestInvoker.java:203)
at org.testng.internal.invokers.TestMethodWorker.invokeTestMethods(TestMethodWorker.java:154)
at org.testng.internal.invokers.TestMethodWorker.run(TestMethodWorker.java:134)
at java.base/java.util.ArrayList.forEach(ArrayList.java:1597)
at org.testng.TestRunner.privateRun(TestRunner.java:739)
at org.testng.TestRunner.run(TestRunner.java:614)
at org.testng.SuiteRunner.runTest(SuiteRunner.java:421)
at org.testng.SuiteRunner.runSequentially(SuiteRunner.java:413)
at org.testng.SuiteRunner.privateRun(SuiteRunner.java:373)
at org.testng.SuiteRunner.run(SuiteRunner.java:312)
at org.testng.SuiteRunnerWorker.runSuite(SuiteRunnerWorker.java:52)
at org.testng.SuiteRunnerWorker.run(SuiteRunnerWorker.java:95)
at org.testng.TestNG.runSuitesSequentially(TestNG.java:1274)
at org.testng.TestNG.runSuitesLocally(TestNG.java:1208)
at org.testng.TestNG.runSuites(TestNG.java:1112)
at org.testng.TestNG.run(TestNG.java:1079)
at org.testng.remote.AbstractRemoteTestNG.run(AbstractRemoteTestNG.java:115)
at org.testng.remote.RemoteTestNG.initAndRun(RemoteTestNG.java:293)
at org.testng.remote.RemoteTestNG.main(RemoteTestNG.java:91)
]]>
            </full-stacktrace>
          </exception> <!-- org.openqa.selenium.NoSuchSessionException -->
          <reporter-output>
          </reporter-output>
        </test-method> <!-- EmployeeChecking -->
        <test-method is-config="true" signature="teardown()[pri:0, instance:OrangeHRMTestcases.TC_6_AdminCheckingEmployee@7e7be63f]" started-at="2024-10-18T15:50:39 IST" name="teardown" finished-at="2024-10-18T15:50:39 IST" duration-ms="6" status="FAIL">
          <exception class="org.openqa.selenium.NoSuchSessionException">
            <message>
              <![CDATA[invalid session id
Build info: version: '4.25.0', revision: '8a8aea2337'
System info: os.name: 'Windows 11', os.arch: 'amd64', os.version: '10.0', java.version: '23'
Driver info: org.openqa.selenium.chrome.ChromeDriver
Command: [b4a0c8d18a2f6bdf42114772b0d14f6c, close {}]
Capabilities {acceptInsecureCerts: false, browserName: chrome, browserVersion: 129.0.6668.103, chrome: {chromedriverVersion: 129.0.6668.89 (951c0b97221f..., userDataDir: C:\Users\akhil\AppData\Loca...}, fedcm:accounts: true, goog:chromeOptions: {debuggerAddress: localhost:52716}, networkConnectionEnabled: false, pageLoadStrategy: normal, platformName: windows, proxy: Proxy(), se:cdp: ws://localhost:52716/devtoo..., se:cdpVersion: 129.0.6668.103, setWindowRect: true, strictFileInteractability: false, timeouts: {implicit: 0, pageLoad: 300000, script: 30000}, unhandledPromptBehavior: dismiss and notify, webauthn:extension:credBlob: true, webauthn:extension:largeBlob: true, webauthn:extension:minPinLength: true, webauthn:extension:prf: true, webauthn:virtualAuthenticators: true}
Session ID: b4a0c8d18a2f6bdf42114772b0d14f6c]]>
            </message>
            <full-stacktrace>
              <![CDATA[org.openqa.selenium.NoSuchSessionException: invalid session id
Build info: version: '4.25.0', revision: '8a8aea2337'
System info: os.name: 'Windows 11', os.arch: 'amd64', os.version: '10.0', java.version: '23'
Driver info: org.openqa.selenium.chrome.ChromeDriver
Command: [b4a0c8d18a2f6bdf42114772b0d14f6c, close {}]
Capabilities {acceptInsecureCerts: false, browserName: chrome, browserVersion: 129.0.6668.103, chrome: {chromedriverVersion: 129.0.6668.89 (951c0b97221f..., userDataDir: C:\Users\akhil\AppData\Loca...}, fedcm:accounts: true, goog:chromeOptions: {debuggerAddress: localhost:52716}, networkConnectionEnabled: false, pageLoadStrategy: normal, platformName: windows, proxy: Proxy(), se:cdp: ws://localhost:52716/devtoo..., se:cdpVersion: 129.0.6668.103, setWindowRect: true, strictFileInteractability: false, timeouts: {implicit: 0, pageLoad: 300000, script: 30000}, unhandledPromptBehavior: dismiss and notify, webauthn:extension:credBlob: true, webauthn:extension:largeBlob: true, webauthn:extension:minPinLength: true, webauthn:extension:prf: true, webauthn:virtualAuthenticators: true}
Session ID: b4a0c8d18a2f6bdf42114772b0d14f6c
at java.base/jdk.internal.reflect.DirectConstructorHandleAccessor.newInstance(DirectConstructorHandleAccessor.java:62)
at java.base/java.lang.reflect.Constructor.newInstanceWithCaller(Constructor.java:501)
at java.base/java.lang.reflect.Constructor.newInstance(Constructor.java:485)
at org.openqa.selenium.remote.ErrorCodec.decode(ErrorCodec.java:167)
at org.openqa.selenium.remote.codec.w3c.W3CHttpResponseCodec.decode(W3CHttpResponseCodec.java:138)
at org.openqa.selenium.remote.codec.w3c.W3CHttpResponseCodec.decode(W3CHttpResponseCodec.java:50)
at org.openqa.selenium.remote.HttpCommandExecutor.execute(HttpCommandExecutor.java:190)
at org.openqa.selenium.remote.service.DriverCommandExecutor.invokeExecute(DriverCommandExecutor.java:216)
at org.openqa.selenium.remote.service.DriverCommandExecutor.execute(DriverCommandExecutor.java:174)
at org.openqa.selenium.remote.RemoteWebDriver.execute(RemoteWebDriver.java:545)
at org.openqa.selenium.remote.RemoteWebDriver.execute(RemoteWebDriver.java:618)
at org.openqa.selenium.remote.RemoteWebDriver.execute(RemoteWebDriver.java:622)
at org.openqa.selenium.remote.RemoteWebDriver.close(RemoteWebDriver.java:418)
at OrangeHRMTestcases.baseClass.teardown(baseClass.java:80)
at java.base/jdk.internal.reflect.DirectMethodHandleAccessor.invoke(DirectMethodHandleAccessor.java:103)
at java.base/java.lang.reflect.Method.invoke(Method.java:580)
at org.testng.internal.invokers.MethodInvocationHelper.invokeMethod(MethodInvocationHelper.java:141)
at org.testng.internal.invokers.MethodInvocationHelper.invokeMethodConsideringTimeout(MethodInvocationHelper.java:71)
at org.testng.internal.invokers.ConfigInvoker.invokeConfigurationMethod(ConfigInvoker.java:400)
at org.testng.internal.invokers.ConfigInvoker.invokeConfigurations(ConfigInvoker.java:333)
at org.testng.internal.invokers.TestMethodWorker.invokeAfterClassConfigurations(TestMethodWorker.java:238)
at org.testng.internal.invokers.TestMethodWorker.invokeAfterClassMethods(TestMethodWorker.java:223)
at org.testng.internal.invokers.TestMethodWorker.run(TestMethodWorker.java:137)
at java.base/java.util.ArrayList.forEach(ArrayList.java:1597)
at org.testng.TestRunner.privateRun(TestRunner.java:739)
at org.testng.TestRunner.run(TestRunner.java:614)
at org.testng.SuiteRunner.runTest(SuiteRunner.java:421)
at org.testng.SuiteRunner.runSequentially(SuiteRunner.java:413)
at org.testng.SuiteRunner.privateRun(SuiteRunner.java:373)
at org.testng.SuiteRunner.run(SuiteRunner.java:312)
at org.testng.SuiteRunnerWorker.runSuite(SuiteRunnerWorker.java:52)
at org.testng.SuiteRunnerWorker.run(SuiteRunnerWorker.java:95)
at org.testng.TestNG.runSuitesSequentially(TestNG.java:1274)
at org.testng.TestNG.runSuitesLocally(TestNG.java:1208)
at org.testng.TestNG.runSuites(TestNG.java:1112)
at org.testng.TestNG.run(TestNG.java:1079)
at org.testng.remote.AbstractRemoteTestNG.run(AbstractRemoteTestNG.java:115)
at org.testng.remote.RemoteTestNG.initAndRun(RemoteTestNG.java:293)
at org.testng.remote.RemoteTestNG.main(RemoteTestNG.java:91)
]]>
            </full-stacktrace>
          </exception> <!-- org.openqa.selenium.NoSuchSessionException -->
          <reporter-output>
          </reporter-output>
        </test-method> <!-- teardown -->
      </class> <!-- OrangeHRMTestcases.TC_6_AdminCheckingEmployee -->
      <class name="OrangeHRMTestcases.TC_2_AddNewEmployee">
        <test-method is-config="true" signature="setup(java.lang.String)[pri:0, instance:OrangeHRMTestcases.TC_2_AddNewEmployee@2f217633]" started-at="2024-10-18T15:45:20 IST" name="setup" finished-at="2024-10-18T15:45:29 IST" duration-ms="8119" status="PASS">
          <params>
            <param index="0">
              <value>
                <![CDATA[chrome]]>
              </value>
            </param>
          </params>
          <reporter-output>
          </reporter-output>
        </test-method> <!-- setup -->
        <test-method signature="AddEmployee()[pri:0, instance:OrangeHRMTestcases.TC_2_AddNewEmployee@2f217633]" started-at="2024-10-18T15:45:29 IST" name="AddEmployee" finished-at="2024-10-18T15:46:45 IST" duration-ms="76819" status="PASS">
          <reporter-output>
          </reporter-output>
        </test-method> <!-- AddEmployee -->
        <test-method is-config="true" signature="teardown()[pri:0, instance:OrangeHRMTestcases.TC_2_AddNewEmployee@2f217633]" started-at="2024-10-18T15:46:45 IST" name="teardown" finished-at="2024-10-18T15:46:46 IST" duration-ms="310" status="PASS">
          <reporter-output>
          </reporter-output>
        </test-method> <!-- teardown -->
      </class> <!-- OrangeHRMTestcases.TC_2_AddNewEmployee -->
    </test> <!-- Test -->
  </suite> <!-- Suite -->
</testng-results>
